<?xml version="1.0" encoding="UTF-8"?>
<!-- Generated by org.testng.reporters.JUnitXMLReporter -->
<testsuite ignored="0" hostname="DESKTOP-L6FPVDH" failures="0" tests="1" name="Test" time="0.152" errors="0" timestamp="2023-09-13T10:42:01 IST">
  <testcase classname="generic2.BaseTest2" name="@BeforeMethod precon" time="0.04">
    <failure type="java.lang.IllegalArgumentException" message="array is not of length 6">
      <![CDATA[java.lang.IllegalArgumentException: array is not of length 6
at java.base/java.lang.invoke.MethodHandleStatics.newIllegalArgumentException(MethodHandleStatics.java:169)
at java.base/java.lang.invoke.MethodHandleImpl.checkSpreadArgument(MethodHandleImpl.java:588)
at java.base/java.util.ArrayList.forEach(ArrayList.java:1511)
... Removed 29 stack frames]]>
    </failure>
  </testcase> <!-- @BeforeMethod precon -->
  <testcase classname="generic2.BaseTest2" name="@AfterMethod postcon" time="0.0">
    <skipped/>
  </testcase> <!-- @AfterMethod postcon -->
  <testcase classname="script2.DemoTest2" name="test3" time="0.001">
    <skipped/>
  </testcase> <!-- test3 -->
</testsuite> <!-- Test -->
