<?xml version="1.0" encoding="UTF-8"?>
<!-- Generated by org.testng.reporters.JUnitXMLReporter -->
<testsuite ignored="0" hostname="DESKTOP-L6FPVDH" failures="2" tests="3" name="Test" time="119.482" errors="0" timestamp="2023-09-13T20:59:11 IST">
  <testcase classname="script.DemoTest" name="testA" time="1.656">
    <failure type="java.lang.NullPointerException" message="Cannot invoke &amp;quot;org.apache.poi.ss.usermodel.Sheet.getLastRowNum()&amp;quot; because the return value of &amp;quot;org.apache.poi.ss.usermodel.Workbook.getSheet(String)&amp;quot; is null">
      <![CDATA[java.lang.NullPointerException: Cannot invoke "org.apache.poi.ss.usermodel.Sheet.getLastRowNum()" because the return value of "org.apache.poi.ss.usermodel.Workbook.getSheet(String)" is null
at generic.Excel.getrowCount(Excel.java:35)
at script.DemoTest.testA(DemoTest.java:16)
at java.base/java.util.ArrayList.forEach(ArrayList.java:1511)
... Removed 25 stack frames]]>
    </failure>
  </testcase> <!-- testA -->
  <testcase classname="script.DemoTest2" name="testA" time="0.016">
    <failure type="java.lang.AssertionError" message="null">
      <![CDATA[java.lang.AssertionError: null
at script.DemoTest2.testA(DemoTest2.java:16)
at java.base/java.util.ArrayList.forEach(ArrayList.java:1511)
... Removed 27 stack frames]]>
    </failure>
  </testcase> <!-- testA -->
  <testcase classname="script.ValidLogin" name="testValidLogin" time="4.773"/>
</testsuite> <!-- Test -->
