<?xml version="1.0" encoding="UTF-8"?>
<testng-results ignored="0" total="1" passed="1" failed="0" skipped="0">
  <reporter-output>
  </reporter-output>
  <suite started-at="2023-10-18T18:27:12 IST" name="Default suite" finished-at="2023-10-18T18:27:20 IST" duration-ms="8586">
    <groups>
    </groups>
    <test started-at="2023-10-18T18:27:12 IST" name="Default test" finished-at="2023-10-18T18:27:20 IST" duration-ms="8586">
      <class name="practies.Practies1">
        <test-method is-config="true" signature="openApp()[pri:0, instance:practies.Practies1@2d52216b]" started-at="2023-10-18T18:27:12 IST" name="openApp" finished-at="2023-10-18T18:27:20 IST" duration-ms="8454" status="PASS">
          <reporter-output>
          </reporter-output>
        </test-method> <!-- openApp -->
        <test-method signature="closeApp()[pri:0, instance:practies.Practies1@2d52216b]" started-at="2023-10-18T18:27:20 IST" name="closeApp" finished-at="2023-10-18T18:27:20 IST" duration-ms="21" status="PASS">
          <reporter-output>
          </reporter-output>
        </test-method> <!-- closeApp -->
        <test-method is-config="true" signature="closeApp()[pri:0, instance:practies.Practies1@2d52216b]" started-at="2023-10-18T18:27:20 IST" name="closeApp" finished-at="2023-10-18T18:27:20 IST" duration-ms="1" status="PASS">
          <reporter-output>
          </reporter-output>
        </test-method> <!-- closeApp -->
      </class> <!-- practies.Practies1 -->
    </test> <!-- Default test -->
  </suite> <!-- Default suite -->
</testng-results>
